{"message":"name is required","level":"error"}
{"message":"name is required","level":"error"}
{"message":"name is required","level":"error"}
{"message":"notes_name is required","level":"error"}
{"message":"Note with id 15 created.","level":"info"}
{"message":"Note with id 16 created.","level":"info"}
{"message":"Note with id 17 created.","level":"info"}
{"message":"notes_name is required","level":"error"}
{"message":"notes_name is required","level":"error"}
{"message":"Folder with id undefined created.","level":"info"}
{"message":"Folder with id undefined created.","level":"info"}
{"message":"notes_name is required","level":"error"}
{"message":"Folder with id undefined created.","level":"info"}
{"message":"Folder with id undefined created.","level":"info"}
{"message":"Folder with id undefined created.","level":"info"}
{"message":"Folder with id undefined created.","level":"info"}
{"message":"Folder with id undefined created.","level":"info"}
{"message":"Folder with id undefined created.","level":"info"}
{"message":"Folder with id undefined created.","level":"info"}
{"message":"Folder with id undefined created.","level":"info"}
{"message":"Folder with id undefined created.","level":"info"}
{"message":"Folder with id undefined created.","level":"info"}
{"message":"Folder with id undefined created.","level":"info"}
{"message":"Folder with id 4 created.","level":"info"}
{"message":"Folder with id 5 created.","level":"info"}
{"message":"Folder with id 6 created.","level":"info"}
{"message":"Folder with id 7 created.","level":"info"}
{"message":"Folder with id 8 & {\"folder_name\":\"Hello\"} created.","level":"info"}
{"message":"Folder with id 9 & {\"folder_name\":\"Bonjour\"} created.","level":"info"}
{"message":"Folder with id 10 & {\"folder_name\":\"\"} created.","level":"info"}
{"message":"Folder with id 11 &  created.","level":"info"}
{"message":"Folder with id 12 & Hali created.","level":"info"}
{"message":"Folder with id 13 & Hali2: with a vengence created.","level":"info"}
{"message":"Folder with id 14 &  created.","level":"info"}
{"message":"Folder with id 15 &  created.","level":"info"}
{"message":"Folder with id 16 &   created.","level":"info"}
{"message":"Folder with id 17 &   created.","level":"info"}
{"message":"Note with id 15 created.","level":"info"}
{"message":"Note with id 16 created.","level":"info"}
{"message":"Note with id 17 created.","level":"info"}
{"message":"Note with id 1 deleted.","level":"info"}
{"message":"Note with id 2 deleted.","level":"info"}
{"message":"Note with id 16 deleted.","level":"info"}
{"message":"Folder with id 17 deleted.","level":"info"}
{"message":"Folder with id 16 deleted.","level":"info"}
{"message":"Folder with id 15 deleted.","level":"info"}
{"message":"Folder with id 14 deleted.","level":"info"}
{"message":"Folder with id 11 deleted.","level":"info"}
{"message":"Folder with id 4 deleted.","level":"info"}
{"message":"Folder with id 5 deleted.","level":"info"}
{"message":"Folder with id 6 deleted.","level":"info"}
{"message":"Folder with id 7 deleted.","level":"info"}
{"message":"Folder with id 8 deleted.","level":"info"}
{"message":"Folder with id 9 deleted.","level":"info"}
{"message":"Folder with id 10 deleted.","level":"info"}
{"message":"Folder with id 11 deleted.","level":"info"}
{"message":"Note with id 6 deleted.","level":"info"}
{"message":"Note with id 7 deleted.","level":"info"}
{"message":"Note with id 14 deleted.","level":"info"}
{"message":"Note with id 11 deleted.","level":"info"}
{"message":"Folder with id 4 & Hello created.","level":"info"}
{"message":"Folder with id 5 &  created.","level":"info"}
{"message":"Folder with id 5 deleted.","level":"info"}
{"message":"Folder with id 1 deleted.","level":"info"}
{"message":"Folder with id 1 not found.","level":"error"}
{"message":"Folder with id 4 & Hello created.","level":"info"}
{"message":"Folder with id 5 & H created.","level":"info"}
{"message":"Note with id 6 deleted.","level":"info"}
{"message":"Note with id 2 deleted.","level":"info"}
{"message":"Note with id 2 deleted.","level":"info"}
{"message":"Note with id 1 deleted.","level":"info"}
{"message":"Note with id 3 deleted.","level":"info"}
{"message":"Note with id 2 deleted.","level":"info"}
{"message":"Note with id 1 deleted.","level":"info"}
{"message":"name is required","level":"error"}
{"message":"Folder with id 1 & Hello created.","level":"info"}
{"message":"Note with id 1 created.","level":"info"}
{"message":"Folder with id 2 & H created.","level":"info"}
{"message":"name is required","level":"error"}
{"message":"Note with id 2 created.","level":"info"}
{"message":"Note with id 1 deleted.","level":"info"}
{"message":"Note with id 2 deleted.","level":"info"}
{"message":"Note with id 3 created.","level":"info"}
{"message":"Note with id 3 deleted.","level":"info"}
{"message":"Note with id 5 created.","level":"info"}
{"message":"Note with id 5 deleted.","level":"info"}
{"message":"Note with id 5 deleted.","level":"info"}
{"message":"Note with id 5 deleted.","level":"info"}
{"message":"Note with id 5 deleted.","level":"info"}
{"message":"Note with id 5 deleted.","level":"info"}
{"message":"Note with id 5 deleted.","level":"info"}
{"message":"Note with id 5 deleted.","level":"info"}
{"message":"Note with id 5 deleted.","level":"info"}
{"message":"Note with id 5 deleted.","level":"info"}
{"message":"Note with id 5 deleted.","level":"info"}
{"message":"Note with id 5 deleted.","level":"info"}
{"message":"Note with id 5 deleted.","level":"info"}
{"message":"Note with id 5 deleted.","level":"info"}
{"message":"Note with id 5 deleted.","level":"info"}
{"message":"Note with id 5 deleted.","level":"info"}
{"message":"folderid is required","level":"error"}
{"message":"folderid is required","level":"error"}
{"message":"Note with id 6 created.","level":"info"}
{"message":"Note with id 6 deleted.","level":"info"}
{"message":"Note with id 7 created.","level":"info"}
{"message":"Note with id 7 deleted.","level":"info"}
{"message":"Note with id 8 created.","level":"info"}
{"message":"Note with id 8 deleted.","level":"info"}
{"message":"Note with id 9 created.","level":"info"}
{"message":"Note with id 9 deleted.","level":"info"}
{"message":"Note with id 10 created.","level":"info"}
{"message":"Note with id 10 deleted.","level":"info"}
{"message":"Note with id 11 created.","level":"info"}
{"message":"Note with id 11 deleted.","level":"info"}
{"message":"Note with id 12 created.","level":"info"}
{"message":"Note with id 12 deleted.","level":"info"}
{"message":"Note with id 13 created.","level":"info"}
{"message":"Note with id 13 deleted.","level":"info"}
{"message":"Note with id 14 created.","level":"info"}
{"message":"Note with id 14 deleted.","level":"info"}
{"message":"Note with id 15 created.","level":"info"}
{"message":"Note with id 15 deleted.","level":"info"}
{"message":"Note with id 15 deleted.","level":"info"}
{"message":"Note with id 16 created.","level":"info"}
{"message":"Note with id 16 deleted.","level":"info"}
{"message":"Note with id 17 created.","level":"info"}
{"message":"Note with id 17 deleted.","level":"info"}
{"message":"Note with id 18 created.","level":"info"}
{"message":"Note with id 18 deleted.","level":"info"}
{"message":"Note with id 19 created.","level":"info"}
{"message":"Note with id 19 deleted.","level":"info"}
{"message":"Note with id 17 deleted.","level":"info"}
{"message":"Note with id 17 deleted.","level":"info"}
{"message":"Note with id 17 deleted.","level":"info"}
{"message":"Note with id 20 created.","level":"info"}
{"message":"Note with id 20 deleted.","level":"info"}
{"message":"Note with id 21 created.","level":"info"}
{"message":"Note with id 21 deleted.","level":"info"}
{"message":"Note with id 22 created.","level":"info"}
{"message":"Note with id 22 deleted.","level":"info"}
{"message":"Note with id 23 created.","level":"info"}
{"message":"Note with id 23 deleted.","level":"info"}
{"message":"Note with id 24 created.","level":"info"}
{"message":"Note with id 24 deleted.","level":"info"}
{"message":"Note with id 24 deleted.","level":"info"}
{"message":"Note with id 25 created.","level":"info"}
{"message":"Note with id 25 deleted.","level":"info"}
{"message":"Note with id 26 created.","level":"info"}
{"message":"Note with id 26 deleted.","level":"info"}
{"message":"Folder with id 3 & fdgd created.","level":"info"}
{"message":"Note with id 27 created.","level":"info"}
{"message":"Note with id 27 deleted.","level":"info"}
{"message":"Note with id 28 created.","level":"info"}
{"message":"Note with id 29 created.","level":"info"}
{"message":"Note with id 29 deleted.","level":"info"}
{"message":"Note with id 28 deleted.","level":"info"}
{"message":"Note with id 30 created.","level":"info"}
{"message":"Note with id 31 created.","level":"info"}
{"message":"Note with id 31 deleted.","level":"info"}
{"message":"Note with id 30 deleted.","level":"info"}
{"message":"Note with id 30 deleted.","level":"info"}
{"message":"Note with id 32 created.","level":"info"}
{"message":"Note with id 32 deleted.","level":"info"}
{"message":"Note with id 33 created.","level":"info"}
{"message":"Note with id 33 deleted.","level":"info"}
{"message":"Note with id 34 created.","level":"info"}
{"message":"Note with id 34 deleted.","level":"info"}
{"message":"Note with id 35 created.","level":"info"}
{"message":"Note with id 35 deleted.","level":"info"}
{"message":"Note with id 36 created.","level":"info"}
{"message":"Note with id 36 deleted.","level":"info"}
{"message":"Note with id 37 created.","level":"info"}
{"message":"Note with id 37 deleted.","level":"info"}
{"message":"Note with id 38 created.","level":"info"}
{"message":"Note with id 38 deleted.","level":"info"}
{"message":"Note with id 39 created.","level":"info"}
{"message":"Note with id 39 deleted.","level":"info"}
{"message":"Note with id 40 created.","level":"info"}
{"message":"Note with id 40 deleted.","level":"info"}
{"message":"Note with id 41 created.","level":"info"}
{"message":"Note with id 41 deleted.","level":"info"}
{"message":"Note with id 41 deleted.","level":"info"}
{"message":"Note with id 42 created.","level":"info"}
{"message":"Note with id 42 deleted.","level":"info"}
{"message":"Note with id 43 created.","level":"info"}
{"message":"Note with id 43 deleted.","level":"info"}
{"message":"Note with id 44 created.","level":"info"}
{"message":"Note with id 44 deleted.","level":"info"}
{"message":"Note with id 45 created.","level":"info"}
{"message":"Note with id 45 deleted.","level":"info"}
{"message":"Note with id 46 created.","level":"info"}
{"message":"Note with id 47 created.","level":"info"}
{"message":"Note with id 47 deleted.","level":"info"}
{"message":"Note with id 46 deleted.","level":"info"}
{"message":"Note with id 45 deleted.","level":"info"}
{"message":"Note with id 45 deleted.","level":"info"}
{"message":"Note with id 45 deleted.","level":"info"}
{"message":"Note with id 45 deleted.","level":"info"}
{"message":"Note with id 45 deleted.","level":"info"}
{"message":"Note with id 45 deleted.","level":"info"}
{"message":"Note with id 46 deleted.","level":"info"}
{"message":"Note with id 46 deleted.","level":"info"}
{"message":"Note with id 46 deleted.","level":"info"}
{"message":"Note with id 46 deleted.","level":"info"}
{"message":"Note with id 48 created.","level":"info"}
{"message":"Note with id 48 deleted.","level":"info"}
{"message":"Note with id 49 created.","level":"info"}
{"message":"Note with id 49 deleted.","level":"info"}
{"message":"Note with id 50 created.","level":"info"}
{"message":"Note with id 50 deleted.","level":"info"}
{"message":"Note with id 51 created.","level":"info"}
{"message":"Note with id 51 deleted.","level":"info"}
{"message":"Note with id 52 created.","level":"info"}
{"message":"Note with id 52 deleted.","level":"info"}
{"message":"Note with id 53 created.","level":"info"}
{"message":"Note with id 54 created.","level":"info"}
{"message":"Note with id 53 deleted.","level":"info"}
{"message":"Note with id 54 deleted.","level":"info"}
{"message":"Note with id 55 created.","level":"info"}
{"message":"Note with id 55 deleted.","level":"info"}
{"message":"Folder with id 1 deleted.","level":"info"}
{"message":"Folder with id 2 deleted.","level":"info"}
{"message":"Folder with id 3 deleted.","level":"info"}
{"message":"Folder with id 4 & Hello created.","level":"info"}
{"message":"Note with id 56 created.","level":"info"}
{"message":"Note with id 56 deleted.","level":"info"}
{"message":"Folder with id 3 deleted.","level":"info"}
{"message":"Folder with id 1 deleted.","level":"info"}
{"message":"Folder with id 1 not found.","level":"error"}
{"message":"Folder with id 4 deleted.","level":"info"}
